11:16:30 INFO TalentoTech --- Iniciando Test: Usuario standard_user ---
11:16:30 INFO TalentoTech Navegando a la página de login...
11:16:30 INFO TalentoTech Ejecutando login_completo para standard_user...
11:16:33 INFO TalentoTech Verificando que la URL sea /inventory.html
11:16:33 INFO TalentoTech Login exitoso.
11:16:40 INFO TalentoTech --- Iniciando Test: Usuario admin_user ---
11:16:40 INFO TalentoTech Navegando a la página de login...
11:16:40 INFO TalentoTech Ejecutando login_completo para admin_user...
11:16:43 WARNING TalentoTech Verificando mensaje de error esperado...
11:16:43 INFO TalentoTech Mensaje de error validado: Epic sadface: Username and password do not match any user in this service
2026-02-1811:20:19 INFO TalentoTech --- Iniciando Test: Usuario standard_user ---
2026-02-1811:20:19 INFO TalentoTech Navegando a la página de login...
2026-02-1811:20:19 INFO TalentoTech Ejecutando login_completo para standard_user...
2026-02-1811:20:22 INFO TalentoTech Verificando que la URL sea /inventory.html
2026-02-1811:20:22 INFO TalentoTech Login exitoso.
2026-02-1811:20:29 INFO TalentoTech --- Iniciando Test: Usuario admin_user ---
2026-02-1811:20:29 INFO TalentoTech Navegando a la página de login...
2026-02-1811:20:29 INFO TalentoTech Ejecutando login_completo para admin_user...
2026-02-1811:20:33 WARNING TalentoTech Verificando mensaje de error esperado...
2026-02-1811:20:33 INFO TalentoTech Mensaje de error validado: Epic sadface: Username and password do not match any user in this service
2026-02-1811:21:15 INFO TalentoTech : --- Iniciando Test: Usuario standard_user ---
2026-02-1811:21:15 INFO TalentoTech : Navegando a la página de login...
2026-02-1811:21:15 INFO TalentoTech : Ejecutando login_completo para standard_user...
2026-02-1811:21:18 INFO TalentoTech : Verificando que la URL sea /inventory.html
2026-02-1811:21:18 INFO TalentoTech : Login exitoso.
2026-02-1811:21:25 INFO TalentoTech : --- Iniciando Test: Usuario admin_user ---
2026-02-1811:21:25 INFO TalentoTech : Navegando a la página de login...
2026-02-1811:21:25 INFO TalentoTech : Ejecutando login_completo para admin_user...
2026-02-1811:21:28 WARNING TalentoTech : Verificando mensaje de error esperado...
2026-02-1811:21:28 INFO TalentoTech : Mensaje de error validado: Epic sadface: Username and password do not match any user in this service
2026-02-1811:21:43 INFO TalentoTech  --- Iniciando Test: Usuario standard_user ---
2026-02-1811:21:43 INFO TalentoTech  Navegando a la página de login...
2026-02-1811:21:43 INFO TalentoTech  Ejecutando login_completo para standard_user...
2026-02-1811:21:46 INFO TalentoTech  Verificando que la URL sea /inventory.html
2026-02-1811:21:46 INFO TalentoTech  Login exitoso.
2026-02-1811:21:53 INFO TalentoTech  --- Iniciando Test: Usuario admin_user ---
2026-02-1811:21:53 INFO TalentoTech  Navegando a la página de login...
2026-02-1811:21:53 INFO TalentoTech  Ejecutando login_completo para admin_user...
2026-02-1811:21:56 WARNING TalentoTech  Verificando mensaje de error esperado...
2026-02-1811:21:56 INFO TalentoTech  Mensaje de error validado: Epic sadface: Username and password do not match any user in this service
2026-02-18 11:23:14 INFO TalentoTech: --- Iniciando Test: Usuario standard_user ---
2026-02-18 11:23:14 INFO TalentoTech: Navegando a la página de login...
2026-02-18 11:23:14 INFO TalentoTech: Ejecutando login_completo para standard_user...
2026-02-18 11:23:18 INFO TalentoTech: Verificando que la URL sea /inventory.html
2026-02-18 11:23:18 INFO TalentoTech: Login exitoso.
2026-02-18 11:23:25 INFO TalentoTech: --- Iniciando Test: Usuario admin_user ---
2026-02-18 11:23:25 INFO TalentoTech: Navegando a la página de login...
2026-02-18 11:23:25 INFO TalentoTech: Ejecutando login_completo para admin_user...
2026-02-18 11:23:28 WARNING TalentoTech: Verificando mensaje de error esperado...
2026-02-18 11:23:28 INFO TalentoTech: Mensaje de error validado: Epic sadface: Username and password do not match any user in this service
2026-03-06 10:25:27 INFO TalentoTech: --- Iniciando Test: Usuario standard_user ---
2026-03-06 10:25:27 INFO TalentoTech: Navegando a la página de login...
2026-03-06 10:25:28 INFO TalentoTech: Ejecutando login_completo para standard_user...
2026-03-06 10:25:31 INFO TalentoTech: Verificando que la URL sea /inventory.html
2026-03-06 10:25:31 INFO TalentoTech: Login exitoso.
2026-03-06 10:25:35 INFO TalentoTech: --- Iniciando Test: Usuario admin_user ---
2026-03-06 10:25:35 INFO TalentoTech: Navegando a la página de login...
2026-03-06 10:25:35 INFO TalentoTech: Ejecutando login_completo para admin_user...
2026-03-06 10:25:39 WARNING TalentoTech: Verificando mensaje de error esperado...
2026-03-06 10:25:39 INFO TalentoTech: Mensaje de error validado: Epic sadface: Username and password do not match any user in this service
2026-03-06 10:31:30 INFO TalentoTech: --- Iniciando Test: Usuario standard_user ---
2026-03-06 10:31:30 INFO TalentoTech: Navegando a la página de login...
2026-03-06 10:31:30 INFO TalentoTech: Ejecutando login_completo para standard_user...
2026-03-06 10:31:33 INFO TalentoTech: Verificando que la URL sea /inventory.html
2026-03-06 10:31:33 INFO TalentoTech: Login exitoso.
2026-03-06 10:31:37 INFO TalentoTech: --- Iniciando Test: Usuario admin_user ---
2026-03-06 10:31:37 INFO TalentoTech: Navegando a la página de login...
2026-03-06 10:31:37 INFO TalentoTech: Ejecutando login_completo para admin_user...
2026-03-06 10:31:40 WARNING TalentoTech: Verificando mensaje de error esperado...
2026-03-06 10:31:40 INFO TalentoTech: Mensaje de error validado: Epic sadface: Username and password do not match any user in this service
